<?xml version="1.0" encoding="UTF-8"?>
<!-- Generated by org.testng.reporters.JUnitReportReporter -->
<testsuite hostname="DESKTOP-7EUDCAL" failures="0" tests="1" name="com.sauce.tests.LogOutTest" time="5.382" errors="0" timestamp="2022-07-21T10:34:25 GMT-04:00" skipped="0">
  <testcase classname="com.sauce.tests.LogOutTest" name="logout" time="5.382"/>
  <system-out/>
</testsuite> <!-- com.sauce.tests.LogOutTest -->
