<?xml version="1.0" encoding="UTF-8"?>
<!-- Generated by org.testng.reporters.JUnitReportReporter -->
<testsuite hostname="DESKTOP-7EUDCAL" failures="0" tests="1" name="com.sauce.tests.AddToCartTest" time="6.121" errors="0" timestamp="2022-07-21T10:34:25 GMT-04:00" skipped="0">
  <testcase classname="com.sauce.tests.AddToCartTest" name="addtocartTest" time="6.121"/>
  <system-out/>
</testsuite> <!-- com.sauce.tests.AddToCartTest -->
