<?xml version="1.0" encoding="UTF-8"?>
<!-- Generated by org.testng.reporters.JUnitReportReporter -->
<testsuite hostname="DESKTOP-7EUDCAL" failures="0" tests="2" name="Annotations_Ex" time="0.009" errors="0" timestamp="2022-07-21T10:16:28 GMT-04:00" skipped="0">
  <testcase classname="Annotations_Ex" name="method1" time="0.005"/>
  <system-out/>
  <testcase classname="Annotations_Ex" name="method2" time="0.004"/>
  <system-out/>
</testsuite> <!-- Annotations_Ex -->
