<?xml version="1.0" encoding="UTF-8"?>
<!-- Generated by org.testng.reporters.JUnitReportReporter -->
<testsuite hostname="DESKTOP-7EUDCAL" failures="0" tests="2" name="com.sauce.tests.LoginTest" time="13.473" errors="0" timestamp="2022-07-21T10:34:25 GMT-04:00" skipped="0">
  <testcase classname="com.sauce.tests.LoginTest" name="login1" time="9.223"/>
  <system-out/>
  <testcase classname="com.sauce.tests.LoginTest" name="login" time="4.250"/>
  <system-out/>
</testsuite> <!-- com.sauce.tests.LoginTest -->
