<?xml version="1.0" encoding="UTF-8"?>
<!-- Generated by org.testng.reporters.JUnitReportReporter -->
<testsuite hostname="DESKTOP-7EUDCAL" failures="0" tests="2" name="SampleTestNg" time="0.011" errors="0" timestamp="2022-07-21T10:05:55 GMT-04:00" skipped="0">
  <testcase classname="SampleTestNg" name="method1" time="0.009"/>
  <system-out/>
  <testcase classname="SampleTestNg" name="method2" time="0.002"/>
  <system-out/>
</testsuite> <!-- SampleTestNg -->
