<?xml version="1.0" encoding="UTF-8"?>
<!-- Generated by org.testng.reporters.JUnitReportReporter -->
<testsuite hostname="DESKTOP-7EUDCAL" failures="0" tests="2" name="com.sauce.testcases.LoginTest" time="5.275" errors="0" timestamp="2022-07-25T11:55:41 GMT-04:00" skipped="0">
  <testcase classname="com.sauce.testcases.LoginTest" name="invalidlogintest" time="2.535"/>
  <system-out/>
  <testcase classname="com.sauce.testcases.LoginTest" name="logintest" time="2.740"/>
  <system-out/>
</testsuite> <!-- com.sauce.testcases.LoginTest -->
