<?xml version="1.0" encoding="UTF-8"?>
<!-- Generated by org.testng.reporters.JUnitReportReporter -->
<testsuite hostname="DESKTOP-7EUDCAL" failures="0" tests="1" name="com.sauce.testcases.AddTocartTest" time="4.587" errors="0" timestamp="2022-07-25T11:55:41 GMT-04:00" skipped="0">
  <testcase classname="com.sauce.testcases.AddTocartTest" name="addtocarttest" time="4.587"/>
  <system-out/>
</testsuite> <!-- com.sauce.testcases.AddTocartTest -->
