<?xml version="1.0" encoding="UTF-8"?>
<!-- Generated by org.testng.reporters.JUnitReportReporter -->
<testsuite hostname="DESKTOP-7EUDCAL" failures="0" tests="1" name="com.janbask.testcases.AddTocartTest" time="3.918" errors="0" timestamp="2022-07-15T21:53:00 GMT-04:00" skipped="0">
  <testcase classname="com.janbask.testcases.AddTocartTest" name="addtocartTest" time="3.918"/>
  <system-out/>
</testsuite> <!-- com.janbask.testcases.AddTocartTest -->
