<?xml version="1.0" encoding="UTF-8"?>
<!-- Generated by org.testng.reporters.JUnitReportReporter -->
<testsuite hostname="DESKTOP-7EUDCAL" failures="0" tests="2" name="com.janbask.testcases.LoginTest" time="6.749" errors="0" timestamp="2022-07-15T22:09:09 GMT-04:00" skipped="0">
  <testcase classname="com.janbask.testcases.LoginTest" name="logintest" time="2.567"/>
  <system-out/>
  <testcase classname="com.janbask.testcases.LoginTest" name="invalidlogintest" time="4.182"/>
  <system-out/>
</testsuite> <!-- com.janbask.testcases.LoginTest -->
