<?xml version="1.0" encoding="UTF-8"?>
<!-- Generated by org.testng.reporters.JUnitReportReporter -->
<testsuite hostname="DESKTOP-7EUDCAL" failures="0" tests="1" name="com.janbask.testcases.LogoutTest" time="4.745" errors="0" timestamp="2022-07-15T21:57:31 GMT-04:00" skipped="0">
  <testcase classname="com.janbask.testcases.LogoutTest" name="logoutTest" time="4.745"/>
  <system-out/>
</testsuite> <!-- com.janbask.testcases.LogoutTest -->
