<?xml version="1.0" encoding="UTF-8"?>
<!-- Generated by org.testng.reporters.JUnitReportReporter -->
<testsuite hostname="DESKTOP-7EUDCAL" failures="0" tests="1" name="com.sample.maven.LogOutTest" time="7.856" errors="0" timestamp="2022-07-21T11:41:53 GMT-04:00" skipped="0">
  <testcase classname="com.sample.maven.LogOutTest" name="logout" time="7.856"/>
  <system-out/>
</testsuite> <!-- com.sample.maven.LogOutTest -->
