<?xml version="1.0" encoding="UTF-8"?>
<!-- Generated by org.testng.reporters.JUnitReportReporter -->
<testsuite hostname="DESKTOP-7EUDCAL" failures="0" tests="1" name="com.sample.maven.LoginTest" time="9.498" errors="0" timestamp="2022-07-21T11:38:36 GMT-04:00" skipped="0">
  <testcase classname="com.sample.maven.LoginTest" name="logintest" time="9.498"/>
  <system-out/>
</testsuite> <!-- com.sample.maven.LoginTest -->
