<?xml version="1.0" encoding="UTF-8"?>
<!-- Generated by org.testng.reporters.JUnitReportReporter -->
<testsuite hostname="DESKTOP-7EUDCAL" failures="0" tests="1" name="com.sample.maven.AddTocartTest" time="6.508" errors="0" timestamp="2022-07-21T11:40:56 GMT-04:00" skipped="0">
  <testcase classname="com.sample.maven.AddTocartTest" name="cart" time="6.508"/>
  <system-out/>
</testsuite> <!-- com.sample.maven.AddTocartTest -->
