<?xml version="1.0" encoding="UTF-8"?>
<!-- Generated by org.testng.reporters.JUnitReportReporter -->
<testsuite hostname="DESKTOP-7EUDCAL" failures="0" tests="2" name="Sample" time="0.023" errors="0" timestamp="2022-07-19T11:58:59 GMT-04:00" skipped="0">
  <testcase classname="Sample" name="m1" time="0.020"/>
  <system-out/>
  <testcase classname="Sample" name="m3" time="0.003"/>
  <system-out/>
</testsuite> <!-- Sample -->
