<?xml version="1.0" encoding="UTF-8"?>
<!-- Generated by org.testng.reporters.JUnitReportReporter -->
<testsuite hostname="DESKTOP-7EUDCAL" failures="0" tests="1" name="LoginTest" time="11.072" errors="0" timestamp="2022-07-19T11:54:57 GMT-04:00" skipped="0">
  <testcase classname="LoginTest" name="login" time="11.072"/>
  <system-out/>
</testsuite> <!-- LoginTest -->
